0 info it worked if it ends with ok
1 verbose cli [ '/usr/local/bin/node', '/usr/local/bin/npm', 'run', 'ctest' ]
2 info using npm@3.10.10
3 info using node@v6.9.5
4 verbose run-script [ 'prectest', 'ctest', 'postctest' ]
5 info lifecycle node-101@1.0.0~prectest: node-101@1.0.0
6 silly lifecycle node-101@1.0.0~prectest: no script for prectest, continuing
7 info lifecycle node-101@1.0.0~ctest: node-101@1.0.0
8 verbose lifecycle node-101@1.0.0~ctest: unsafe-perm in lifecycle true
9 verbose lifecycle node-101@1.0.0~ctest: PATH: /usr/local/lib/node_modules/npm/bin/node-gyp-bin:/home/mi/projects/interpreter/node_modules/.bin:/usr/lib/hardening-wrapper/bin:/usr/local/sbin:/usr/local/bin:/usr/bin:/usr/lib/jvm/default/bin:/usr/bin/site_perl:/usr/bin/vendor_perl:/usr/bin/core_perl:/home/mi/bin
10 verbose lifecycle node-101@1.0.0~ctest: CWD: /home/mi/projects/interpreter
11 silly lifecycle node-101@1.0.0~ctest: Args: [ '-c', 'tape -r babel-register \'src/tests/*.js\'' ]
12 silly lifecycle node-101@1.0.0~ctest: Returned: code: 1  signal: null
13 info lifecycle node-101@1.0.0~ctest: Failed to exec ctest script
14 verbose stack Error: node-101@1.0.0 ctest: `tape -r babel-register 'src/tests/*.js'`
14 verbose stack Exit status 1
14 verbose stack     at EventEmitter.<anonymous> (/usr/local/lib/node_modules/npm/lib/utils/lifecycle.js:255:16)
14 verbose stack     at emitTwo (events.js:106:13)
14 verbose stack     at EventEmitter.emit (events.js:191:7)
14 verbose stack     at ChildProcess.<anonymous> (/usr/local/lib/node_modules/npm/lib/utils/spawn.js:40:14)
14 verbose stack     at emitTwo (events.js:106:13)
14 verbose stack     at ChildProcess.emit (events.js:191:7)
14 verbose stack     at maybeClose (internal/child_process.js:877:16)
14 verbose stack     at Process.ChildProcess._handle.onexit (internal/child_process.js:226:5)
15 verbose pkgid node-101@1.0.0
16 verbose cwd /home/mi/projects/interpreter
17 error Linux 4.4.63-1-MANJARO
18 error argv "/usr/local/bin/node" "/usr/local/bin/npm" "run" "ctest"
19 error node v6.9.5
20 error npm  v3.10.10
21 error code ELIFECYCLE
22 error node-101@1.0.0 ctest: `tape -r babel-register 'src/tests/*.js'`
22 error Exit status 1
23 error Failed at the node-101@1.0.0 ctest script 'tape -r babel-register 'src/tests/*.js''.
23 error Make sure you have the latest version of node.js and npm installed.
23 error If you do, this is most likely a problem with the node-101 package,
23 error not with npm itself.
23 error Tell the author that this fails on your system:
23 error     tape -r babel-register 'src/tests/*.js'
23 error You can get information on how to open an issue for this project with:
23 error     npm bugs node-101
23 error Or if that isn't available, you can get their info via:
23 error     npm owner ls node-101
23 error There is likely additional logging output above.
24 verbose exit [ 1, true ]
